<?xml version="1.0" encoding="UTF-8" standalone="yes"?>
<testsuites time="6.744" tests="1" failures="0" errors="1">
    <testsuite name="GraphWalker" tests="1" failures="0" errors="1" time="6.744" timestamp="2021-06-27T00:02:39">
        <properties>
[...]
</properties>
        <testcase name="BiBiBlackBoxTest" time="6.744" classname="BiBiBlackBoxTest">
            <error type="java.lang.reflect.InvocationTargetException">
                java.lang.reflect.InvocationTargetException
                	at java.base/jdk.internal.reflect.NativeMethodAccessorImpl.invoke0(Native Method)
                	at java.base/jdk.internal.reflect.NativeMethodAccessorImpl.invoke(NativeMethodAccessorImpl.java:64)
                	at java.base/jdk.internal.reflect.DelegatingMethodAccessorImpl.invoke(DelegatingMethodAccessorImpl.java:43)
                	at java.base/java.lang.reflect.Method.invoke(Method.java:564)
                	at org.graphwalker.core.machine.ExecutionContext.execute(ExecutionContext.java:257)
                	at org.graphwalker.core.machine.SimpleMachine.execute(SimpleMachine.java:282)
                	at org.graphwalker.core.machine.SimpleMachine.getNextStep(SimpleMachine.java:105)
                	at org.graphwalker.java.test.TestExecutor.execute(TestExecutor.java:249)
                	at java.base/jdk.internal.reflect.NativeMethodAccessorImpl.invoke0(Native Method)
                	at java.base/jdk.internal.reflect.NativeMethodAccessorImpl.invoke(NativeMethodAccessorImpl.java:64)
                	at java.base/jdk.internal.reflect.DelegatingMethodAccessorImpl.invoke(DelegatingMethodAccessorImpl.java:43)
                	at java.base/java.lang.reflect.Method.invoke(Method.java:564)
                	at org.graphwalker.java.test.Reflections.invoke(Reflections.java:73)
                	at org.graphwalker.java.test.Reflector.execute(Reflector.java:123)
                	at org.graphwalker.maven.plugin.TestMojo.execute(TestMojo.java:161)
                	at org.apache.maven.plugin.DefaultBuildPluginManager.executeMojo(DefaultBuildPluginManager.java:137)
                	at org.apache.maven.lifecycle.internal.MojoExecutor.execute(MojoExecutor.java:210)
                	at org.apache.maven.lifecycle.internal.MojoExecutor.execute(MojoExecutor.java:156)
                	at org.apache.maven.lifecycle.internal.MojoExecutor.execute(MojoExecutor.java:148)
                	at org.apache.maven.lifecycle.internal.LifecycleModuleBuilder.buildProject(LifecycleModuleBuilder.java:117)
                	at org.apache.maven.lifecycle.internal.LifecycleModuleBuilder.buildProject(LifecycleModuleBuilder.java:81)
                	at org.apache.maven.lifecycle.internal.builder.singlethreaded.SingleThreadedBuilder.build(SingleThreadedBuilder.java:56)
                	at org.apache.maven.lifecycle.internal.LifecycleStarter.execute(LifecycleStarter.java:128)
                	at org.apache.maven.DefaultMaven.doExecute(DefaultMaven.java:305)
                	at org.apache.maven.DefaultMaven.doExecute(DefaultMaven.java:192)
                	at org.apache.maven.DefaultMaven.execute(DefaultMaven.java:105)
                	at org.apache.maven.cli.MavenCli.execute(MavenCli.java:957)
                	at org.apache.maven.cli.MavenCli.doMain(MavenCli.java:289)
                	at org.apache.maven.cli.MavenCli.main(MavenCli.java:193)
                	at java.base/jdk.internal.reflect.NativeMethodAccessorImpl.invoke0(Native Method)
                	at java.base/jdk.internal.reflect.NativeMethodAccessorImpl.invoke(NativeMethodAccessorImpl.java:64)
                	at java.base/jdk.internal.reflect.DelegatingMethodAccessorImpl.invoke(DelegatingMethodAccessorImpl.java:43)
                	at java.base/java.lang.reflect.Method.invoke(Method.java:564)
                	at org.codehaus.plexus.classworlds.launcher.Launcher.launchEnhanced(Launcher.java:282)
                	at org.codehaus.plexus.classworlds.launcher.Launcher.launch(Launcher.java:225)
                	at org.codehaus.plexus.classworlds.launcher.Launcher.mainWithExitCode(Launcher.java:406)
                	at org.codehaus.plexus.classworlds.launcher.Launcher.main(Launcher.java:347)
                	at org.codehaus.classworlds.Launcher.main(Launcher.java:47)
                Caused by: org.openqa.selenium.TimeoutException: Expected condition failed: waiting for element found by By.id: navbar_content to have text "Account". Current text: "Account
                Kategorien
                Erweiterte Suche" (tried for 10 second(s) with 500 milliseconds interval)
                Build info: version: '3.141.59', revision: 'e82be7d358', time: '2018-11-14T08:17:03'
                System info: host: 'MacBook-Pro.local', ip: '192.168.1.109', os.name: 'Mac OS X', os.arch: 'x86_64', os.version: '10.16', java.version: '15.0.2'
                Driver info: org.openqa.selenium.firefox.FirefoxDriver
                Capabilities {acceptInsecureCerts: true, browserName: firefox, browserVersion: 89.0.2, javascriptEnabled: true, moz:accessibilityChecks: false, moz:buildID: 20210622155641, moz:geckodriverVersion: 0.29.0, moz:headless: false, moz:processID: 76924, moz:profile: /var/folders/dz/9nzcks291xz..., moz:shutdownTimeout: 60000, moz:useNonSpecCompliantPointerOrigin: false, moz:webdriverClick: true, pageLoadStrategy: normal, platform: MAC, platformName: MAC, platformVersion: 20.4.0, setWindowRect: true, strictFileInteractability: false, timeouts: {implicit: 0, pageLoad: 300000, script: 30000}, unhandledPromptBehavior: dismiss and notify}
                Session ID: 181b8d65-ea2c-b046-b184-b75416716cf7
                	at org.openqa.selenium.support.ui.WebDriverWait.timeoutException(WebDriverWait.java:95)
                	at org.openqa.selenium.support.ui.FluentWait.until(FluentWait.java:272)
                	at BiBiBlackBoxTest.v_MediumSearch(BiBiBlackBoxTest.java:92)
                	... 38 more
</error>
        </testcase>
    </testsuite>
</testsuites>
